Arguments: 
  /usr/local/bin/node /usr/local/Cellar/yarn/1.22.10/libexec/bin/yarn.js install

PATH: 
  /Users/georgelivas/GitHub/create-component-library/packages/library-template-button/node_modules/.bin:/Users/georgelivas/GitHub/create-component-library/packages/node_modules/.bin:/Users/georgelivas/GitHub/create-component-library/node_modules/.bin:/Users/georgelivas/GitHub/node_modules/.bin:/Users/georgelivas/node_modules/.bin:/Users/node_modules/.bin:/node_modules/.bin:/usr/local/bin:/usr/local/bin:/usr/bin:/bin:/usr/sbin:/sbin:/Library/Apple/usr/bin:/Users/georgelivas/GitHub/create-component-library/node_modules/.bin:/usr/local/Caskroom/google-cloud-sdk/latest/google-cloud-sdk/bin

Yarn version: 
  1.22.10

Node version: 
  14.15.0

Platform: 
  darwin x64

Trace: 
  Error: https://registry.yarnpkg.com/@bluefunctor%2flibrary-builder: Not found
      at Request.params.callback [as _callback] (/usr/local/Cellar/yarn/1.22.10/libexec/lib/cli.js:66988:18)
      at Request.self.callback (/usr/local/Cellar/yarn/1.22.10/libexec/lib/cli.js:140749:22)
      at Request.emit (events.js:315:20)
      at Request.<anonymous> (/usr/local/Cellar/yarn/1.22.10/libexec/lib/cli.js:141721:10)
      at Request.emit (events.js:315:20)
      at IncomingMessage.<anonymous> (/usr/local/Cellar/yarn/1.22.10/libexec/lib/cli.js:141643:12)
      at Object.onceWrapper (events.js:421:28)
      at IncomingMessage.emit (events.js:327:22)
      at endReadableNT (_stream_readable.js:1327:12)
      at processTicksAndRejections (internal/process/task_queues.js:80:21)

npm manifest: 
  {
    "name": "@bluefunctor/library-template-button",
    "version": "0.0.0",
    "description": "Now I’m the model of a modern major general / The venerated Virginian veteran whose men are all / Lining up, to put me up on a pedestal / Writin’ letters to relatives / Embellishin’ my elegance and eloquence / But the elephant is in the room / The truth is in ya face when ya hear the British cannons go / BOOM",
    "keywords": [],
    "author": "georgelivas <giorgos.livas.99@gmail.com>",
    "license": "ISC",
    "main": "lib/library-template-button.js",
    "directories": {
      "lib": "lib",
      "test": "__tests__"
    },
    "files": [
      "lib"
    ],
    "publishConfig": {
      "access": "public"
    },
    "repository": {
      "type": "git",
      "url": "git+https://github.com/Blue-Functor/create-component-library.git"
    },
    "scripts": {
      "build": "library-builder",
      "test": "echo \"Error: run tests from root\" && exit 1"
    },
    "bugs": {
      "url": "https://github.com/Blue-Functor/create-component-library/issues"
    },
    "homepage": "https://github.com/Blue-Functor/create-component-library#readme",
    "devDependencies": {
      "@bluefunctor/library-builder": "^0.0.0",
      "react": "^17.0.1"
    },
    "peerDependencies": {
      "react": "17.x"
    }
  }

yarn manifest: 
  No manifest

Lockfile: 
  No lockfile
